Starting Dynare (version 6.0).
Calling Dynare with arguments: none
Starting preprocessing of the model file ...
Found 44 equation(s).
Evaluating expressions...
Computing static model derivatives (order 1).
Normalizing the static model...
Finding the optimal block decomposition of the static model...
9 block(s) found:
  8 recursive block(s) and 1 simultaneous block(s).
  the largest simultaneous block has 28 equation(s)
                                 and 28 feedback variable(s).
Computing dynamic model derivatives (order 1).
Normalizing the dynamic model...
Finding the optimal block decomposition of the dynamic model...
5 block(s) found:
  4 recursive block(s) and 1 simultaneous block(s).
  the largest simultaneous block has 29 equation(s)
                                 and 26 feedback variable(s).
Preprocessing completed.
Preprocessing time: 0h00m00s.

STEADY-STATE RESULTS:

c        		 0.271878
cR       		 0.271878
cN       		 0
g        		 0.642693
y        		 0.921303
n        		 0.891926
R        		 1.00387
B        		 0
Ts       		 -0.699925
bu       		 0.529561
bs       		 1.05912
w        		 1.7652
mpl      		 1.03294
mrs      		 0.960274
Lambda   		 0.996145
lambda   		 0.768683
un       		 -0.738016
v        		 0.0793309
u        		 0.108074
p        		 0.322333
q        		 0.43912
theta    		 0.734042
m        		 0.0348358
Fn       		 7.10522
Hn       		 0.759869
S        		 7.86509
Ft       		 0.0070753
at       		 0.733863
At       		 1.03294
rhot     		 0.0375887
mc       		 2
pi       		 0
i        		 1.00387
kg       		 12.8539
yn       		 1.03294
ls       		 1.70892
tfp      		 1
clog     		 -1.3024
wlog     		 0.568265
ylog     		 -0.0819662
thetalog 		 -0.309189
nlog     		 -0.114372
glog     		 -0.442087
ulog     		 -2.22494
Total computing time : 0h00m00s
